Copyright 1986-2019 Xilinx, Inc. All Rights Reserved.
---------------------------------------------------------------------------------------
| Tool Version : Vivado v.2019.1 (win64) Build 2552052 Fri May 24 14:49:42 MDT 2019
| Date         : Mon Nov 18 22:24:13 2019
| Host         : DESKTOP-T5KCUDH running 64-bit major release  (build 9200)
| Command      : report_control_sets -verbose -file new_keypad_control_sets_placed.rpt
| Design       : new_keypad
| Device       : xc7a35t
---------------------------------------------------------------------------------------

Control Set Information

Table of Contents
-----------------
1. Summary
2. Histogram
3. Flip-Flop Distribution
4. Detailed Control Set Information

1. Summary
----------

+----------------------------------------------------------+-------+
|                          Status                          | Count |
+----------------------------------------------------------+-------+
| Total control sets                                       |     7 |
|    Minimum number of control sets                        |     7 |
|    Addition due to synthesis replication                 |     0 |
|    Addition due to physical synthesis replication        |     0 |
| Unused register locations in slices containing registers |    27 |
+----------------------------------------------------------+-------+
* Control sets can be merged at opt_design using control_set_merge or merge_equivalent_drivers
** Run report_qor_suggestions for automated merging and remapping suggestions


2. Histogram
------------

+--------------------+-------+
|       Fanout       | Count |
+--------------------+-------+
| Total control sets |     7 |
| >= 0 to < 4        |     2 |
| >= 4 to < 6        |     3 |
| >= 6 to < 8        |     1 |
| >= 8 to < 10       |     0 |
| >= 10 to < 12      |     0 |
| >= 12 to < 14      |     0 |
| >= 14 to < 16      |     0 |
| >= 16              |     1 |
+--------------------+-------+
* Control sets can be remapped at either synth_design or opt_design


3. Flip-Flop Distribution
-------------------------

+--------------+-----------------------+------------------------+-----------------+--------------+
| Clock Enable | Synchronous Set/Reset | Asynchronous Set/Reset | Total Registers | Total Slices |
+--------------+-----------------------+------------------------+-----------------+--------------+
| No           | No                    | No                     |               2 |            2 |
| No           | No                    | Yes                    |               0 |            0 |
| No           | Yes                   | No                     |              16 |            4 |
| Yes          | No                    | No                     |              11 |            2 |
| Yes          | No                    | Yes                    |               0 |            0 |
| Yes          | Yes                   | No                     |               8 |            2 |
+--------------+-----------------------+------------------------+-----------------+--------------+


4. Detailed Control Set Information
-----------------------------------

+----------------+--------------------------------+------------------+------------------+----------------+
|  Clock Signal  |          Enable Signal         | Set/Reset Signal | Slice Load Count | Bel Load Count |
+----------------+--------------------------------+------------------+------------------+----------------+
|  clk_1         |                                |                  |                1 |              1 |
|  clk_IBUF_BUFG |                                |                  |                1 |              1 |
|  clk_1         | FSM_sequential_curr[3]_i_1_n_0 | reset_IBUF       |                1 |              4 |
|  clk_1         | col[3]_i_1_n_0                 | reset_IBUF       |                1 |              4 |
|  clk_1         | code[3]_i_1_n_0                |                  |                1 |              4 |
|  clk_1         | load                           |                  |                1 |              7 |
|  clk_IBUF_BUFG |                                | count[0]_i_1_n_0 |                4 |             16 |
+----------------+--------------------------------+------------------+------------------+----------------+


