#-----------------------------------------------------------
# Vivado v2019.1 (64-bit)
# SW Build 2552052 on Fri May 24 14:49:42 MDT 2019
# IP Build 2548770 on Fri May 24 18:01:18 MDT 2019
# Start of session at: Tue Dec  3 03:24:05 2019
# Process ID: 10364
# Current directory: C:/Users/zwk/Desktop/project_3
# Command line: vivado.exe -gui_launcher_event rodinguilauncherevent11992 C:\Users\zwk\Desktop\project_3\project_3.xpr
# Log file: C:/Users/zwk/Desktop/project_3/vivado.log
# Journal file: C:/Users/zwk/Desktop/project_3\vivado.jou
#-----------------------------------------------------------
start_gui
open_project C:/Users/zwk/Desktop/project_3/project_3.xpr
Scanning sources...
Finished scanning sources
INFO: [IP_Flow 19-234] Refreshing IP repositories
INFO: [IP_Flow 19-1704] No user IP repositories specified
INFO: [IP_Flow 19-2313] Loaded Vivado IP repository 'C:/Xilinx/Vivado/2019.1/data/ip'.
open_project: Time (s): cpu = 00:00:16 ; elapsed = 00:00:06 . Memory (MB): peak = 724.238 ; gain = 88.711
update_compile_order -fileset sources_1
exit
INFO: [Common 17-206] Exiting Vivado at Tue Dec  3 03:33:38 2019...
