#-----------------------------------------------------------
# Vivado v2019.1 (64-bit)
# SW Build 2552052 on Fri May 24 14:49:42 MDT 2019
# IP Build 2548770 on Fri May 24 18:01:18 MDT 2019
# Start of session at: Sun Nov  3 12:50:47 2019
# Process ID: 9364
# Current directory: D:/SJTU/2019-2020  FALL/Lab_Work/Lab_5/project_1
# Command line: vivado.exe -gui_launcher_event rodinguilauncherevent15272 D:\SJTU\2019-2020  FALL\Lab_Work\Lab_5\project_1\project_1.xpr
# Log file: D:/SJTU/2019-2020  FALL/Lab_Work/Lab_5/project_1/vivado.log
# Journal file: D:/SJTU/2019-2020  FALL/Lab_Work/Lab_5/project_1\vivado.jou
#-----------------------------------------------------------
start_gui
open_project {D:/SJTU/2019-2020  FALL/Lab_Work/Lab_5/project_1/project_1.xpr}
Scanning sources...
Finished scanning sources
INFO: [IP_Flow 19-234] Refreshing IP repositories
INFO: [IP_Flow 19-1704] No user IP repositories specified
INFO: [IP_Flow 19-2313] Loaded Vivado IP repository 'C:/Xilinx/Vivado/2019.1/data/ip'.
open_project: Time (s): cpu = 00:00:14 ; elapsed = 00:00:06 . Memory (MB): peak = 721.445 ; gain = 116.320
update_compile_order -fileset sources_1
reset_run synth_1
launch_runs synth_1 -jobs 4
[Sun Nov  3 13:08:13 2019] Launched synth_1...
Run output will be captured here: D:/SJTU/2019-2020  FALL/Lab_Work/Lab_5/project_1/project_1.runs/synth_1/runme.log
reset_run synth_1
launch_runs synth_1 -jobs 4
[Sun Nov  3 13:10:52 2019] Launched synth_1...
Run output will be captured here: D:/SJTU/2019-2020  FALL/Lab_Work/Lab_5/project_1/project_1.runs/synth_1/runme.log
launch_runs impl_1 -jobs 4
[Sun Nov  3 13:11:34 2019] Launched impl_1...
Run output will be captured here: D:/SJTU/2019-2020  FALL/Lab_Work/Lab_5/project_1/project_1.runs/impl_1/runme.log
open_run impl_1
INFO: [Device 21-403] Loading part xc7a35tcpg236-1
INFO: [Netlist 29-17] Analyzing 11 Unisim elements for replacement
INFO: [Netlist 29-28] Unisim Transformation completed in 0 CPU seconds
INFO: [Project 1-479] Netlist was created with Vivado 2019.1
INFO: [Project 1-570] Preparing netlist for logic optimization
INFO: [Timing 38-478] Restoring timing data from binary archive.
INFO: [Timing 38-479] Binary timing data restore complete.
INFO: [Project 1-856] Restoring constraints from binary archive.
INFO: [Project 1-853] Binary constraint restore complete.
Reading XDEF placement.
Reading placer database...
Reading XDEF routing.
Read XDEF File: Time (s): cpu = 00:00:00 ; elapsed = 00:00:00.049 . Memory (MB): peak = 1652.707 ; gain = 0.000
Restored from archive | CPU: 0.000000 secs | Memory: 0.000000 MB |
Finished XDEF File Restore: Time (s): cpu = 00:00:00 ; elapsed = 00:00:00.050 . Memory (MB): peak = 1652.707 ; gain = 0.000
Netlist sorting complete. Time (s): cpu = 00:00:00 ; elapsed = 00:00:00.001 . Memory (MB): peak = 1652.707 ; gain = 0.000
INFO: [Project 1-111] Unisim Transformation Summary:
No Unisim elements were transformed.

open_run: Time (s): cpu = 00:00:24 ; elapsed = 00:00:19 . Memory (MB): peak = 1788.137 ; gain = 1001.195
WARNING: [Timing 38-313] There are no user specified timing constraints. Timing constraints are needed for proper timing analysis.
place_ports reset W19
set_property IOSTANDARD LVCMOS33 [get_ports [list reset]]
save_constraints
reset_run synth_1
launch_runs synth_1 -jobs 4
[Sun Nov  3 13:13:51 2019] Launched synth_1...
Run output will be captured here: D:/SJTU/2019-2020  FALL/Lab_Work/Lab_5/project_1/project_1.runs/synth_1/runme.log
launch_runs impl_1 -jobs 4
[Sun Nov  3 13:14:37 2019] Launched impl_1...
Run output will be captured here: D:/SJTU/2019-2020  FALL/Lab_Work/Lab_5/project_1/project_1.runs/impl_1/runme.log
refresh_design
INFO: [Netlist 29-17] Analyzing 11 Unisim elements for replacement
INFO: [Netlist 29-28] Unisim Transformation completed in 0 CPU seconds
INFO: [Project 1-479] Netlist was created with Vivado 2019.1
INFO: [Project 1-570] Preparing netlist for logic optimization
INFO: [Timing 38-478] Restoring timing data from binary archive.
INFO: [Timing 38-479] Binary timing data restore complete.
INFO: [Project 1-856] Restoring constraints from binary archive.
INFO: [Project 1-853] Binary constraint restore complete.
Reading XDEF placement.
Reading placer database...
Reading XDEF routing.
Read XDEF File: Time (s): cpu = 00:00:00 ; elapsed = 00:00:00.047 . Memory (MB): peak = 1807.297 ; gain = 0.000
Restored from archive | CPU: 0.000000 secs | Memory: 0.000000 MB |
Finished XDEF File Restore: Time (s): cpu = 00:00:00 ; elapsed = 00:00:00.047 . Memory (MB): peak = 1807.297 ; gain = 0.000
WARNING: [Timing 38-313] There are no user specified timing constraints. Timing constraints are needed for proper timing analysis.
launch_runs impl_1 -to_step write_bitstream -jobs 4
[Sun Nov  3 13:15:55 2019] Launched impl_1...
Run output will be captured here: D:/SJTU/2019-2020  FALL/Lab_Work/Lab_5/project_1/project_1.runs/impl_1/runme.log
open_hw
connect_hw_server
INFO: [Labtools 27-2285] Connecting to hw_server url TCP:localhost:3121
INFO: [Labtools 27-2222] Launching hw_server...
INFO: [Labtools 27-2221] Launch Output:

****** Xilinx hw_server v2019.1
  **** Build date : May 24 2019 at 15:13:31
    ** Copyright 1986-2019 Xilinx, Inc. All Rights Reserved.


open_hw_target
INFO: [Labtoolstcl 44-466] Opening hw_target localhost:3121/xilinx_tcf/Digilent/210183A89CE7A
set_property PROGRAM.FILE {D:/SJTU/2019-2020  FALL/Lab_Work/Lab_5/project_1/project_1.runs/impl_1/Lab5.bit} [get_hw_devices xc7a35t_0]
current_hw_device [get_hw_devices xc7a35t_0]
refresh_hw_device -update_hw_probes false [lindex [get_hw_devices xc7a35t_0] 0]
INFO: [Labtools 27-1435] Device xc7a35t (JTAG device index = 0) is not programmed (DONE status = 0).
set_property PROBES.FILE {} [get_hw_devices xc7a35t_0]
set_property FULL_PROBES.FILE {} [get_hw_devices xc7a35t_0]
set_property PROGRAM.FILE {D:/SJTU/2019-2020  FALL/Lab_Work/Lab_5/project_1/project_1.runs/impl_1/Lab5.bit} [get_hw_devices xc7a35t_0]
program_hw_devices [get_hw_devices xc7a35t_0]
INFO: [Labtools 27-3164] End of startup status: HIGH
refresh_hw_device [lindex [get_hw_devices xc7a35t_0] 0]
INFO: [Labtools 27-1434] Device xc7a35t (JTAG device index = 0) is programmed with a design that has no supported debug core(s) in it.
ERROR: [Labtoolstcl 44-513] HW Target shutdown. Closing target: localhost:3121/xilinx_tcf/Digilent/210183A89CE7A
exit
INFO: [Common 17-206] Exiting Vivado at Sun Nov  3 13:20:17 2019...
